D:\Anaconda3\python.exe C:/Users/Ares/Desktop/实验室相关/其它/推荐系统算法代码/code/CPMF.py
Initialize end.The user number is:943,item number is:1682
(train: 1 ): 100%|██████████| 40/40 [03:18<00:00,  4.96s/it, train_loss=0.86]
(valid: 1 ): 100%|██████████| 10/10 [00:19<00:00,  1.91s/it, train_loss=1.29]
epoch 1 train loss: 6.332 valid loss 1.354 auc 0.563
precisioin=0.0039	recall=0.0019	coverage=0.4049
(train: 2 ): 100%|██████████| 40/40 [03:18<00:00,  4.95s/it, train_loss=0.316]
(valid: 2 ): 100%|██████████| 10/10 [00:18<00:00,  1.85s/it, train_loss=0.582]
epoch 2 train loss: 0.493 valid loss 0.600 auc 0.608
precisioin=0.0031	recall=0.0014	coverage=0.4013
(train: 3 ): 100%|██████████| 40/40 [03:17<00:00,  4.94s/it, train_loss=0.225]
(valid: 3 ): 100%|██████████| 10/10 [00:18<00:00,  1.88s/it, train_loss=0.478]
epoch 3 train loss: 0.209 valid loss 0.485 auc 0.622
(train: 4 ):   0%|          | 0/40 [00:00<?, ?it/s]precisioin=0.0028	recall=0.0013	coverage=0.3900
(train: 4 ): 100%|██████████| 40/40 [03:15<00:00,  4.89s/it, train_loss=0.132]
(valid: 4 ): 100%|██████████| 10/10 [00:18<00:00,  1.86s/it, train_loss=0.439]
(train: 5 ):   0%|          | 0/40 [00:00<?, ?it/s]epoch 4 train loss: 0.158 valid loss 0.445 auc 0.629
precisioin=0.0022	recall=0.0010	coverage=0.3680
(train: 5 ): 100%|██████████| 40/40 [03:12<00:00,  4.81s/it, train_loss=0.142]
(valid: 5 ): 100%|██████████| 10/10 [00:18<00:00,  1.88s/it, train_loss=0.423]
epoch 5 train loss: 0.135 valid loss 0.423 auc 0.632
precisioin=0.0029	recall=0.0014	coverage=0.3692
(train: 6 ): 100%|██████████| 40/40 [03:20<00:00,  5.01s/it, train_loss=0.125]
(valid: 6 ): 100%|██████████| 10/10 [00:18<00:00,  1.86s/it, train_loss=0.419]
(train: 7 ):   0%|          | 0/40 [00:00<?, ?it/s]epoch 6 train loss: 0.127 valid loss 0.411 auc 0.633
precisioin=0.0031	recall=0.0014	coverage=0.3627
(train: 7 ): 100%|██████████| 40/40 [03:16<00:00,  4.91s/it, train_loss=0.164]
(valid: 7 ): 100%|██████████| 10/10 [00:19<00:00,  1.92s/it, train_loss=0.407]
epoch 7 train loss: 0.122 valid loss 0.402 auc 0.630
precisioin=0.0028	recall=0.0013	coverage=0.3549
(train: 8 ): 100%|██████████| 40/40 [03:16<00:00,  4.92s/it, train_loss=0.143]
(valid: 8 ): 100%|██████████| 10/10 [00:18<00:00,  1.90s/it, train_loss=0.407]
(train: 9 ):   0%|          | 0/40 [00:00<?, ?it/s]epoch 8 train loss: 0.118 valid loss 0.395 auc 0.636
precisioin=0.0032	recall=0.0015	coverage=0.3526
(train: 9 ): 100%|██████████| 40/40 [03:17<00:00,  4.94s/it, train_loss=0.133]
(valid: 9 ): 100%|██████████| 10/10 [00:18<00:00,  1.89s/it, train_loss=0.399]
epoch 9 train loss: 0.115 valid loss 0.389 auc 0.634
precisioin=0.0035	recall=0.0016	coverage=0.3555
(train:10 ): 100%|██████████| 40/40 [03:16<00:00,  4.92s/it, train_loss=0.134]
(valid:10 ): 100%|██████████| 10/10 [00:18<00:00,  1.89s/it, train_loss=0.39]
epoch 10 train loss: 0.114 valid loss 0.381 auc 0.632
precisioin=0.0030	recall=0.0014	coverage=0.3549

Process finished with exit code 0
