D:\Anaconda3\python.exe C:/Users/Ares/Desktop/实验室相关/其它/推荐系统算法代码/code/LFM.py
Initialize end.The user number is:943,item number is:1682
(train: 1 ): 100%|██████████| 40/40 [00:33<00:00,  1.18it/s, train_loss=1.04]
(valid: 1 ): 100%|██████████| 10/10 [00:08<00:00,  1.21it/s, train_loss=0.976]
epoch 1 train loss: 6.369 valid loss 1.066 auc 0.564
precisioin=0.0034	recall=0.0016	coverage=0.3876
(train: 2 ): 100%|██████████| 40/40 [00:33<00:00,  1.19it/s, train_loss=0.355]
(valid: 2 ): 100%|██████████| 10/10 [00:08<00:00,  1.16it/s, train_loss=0.37]
(train: 3 ):   0%|          | 0/40 [00:00<?, ?it/s]epoch 2 train loss: 0.475 valid loss 0.411 auc 0.644
precisioin=0.0022	recall=0.0010	coverage=0.3698
(train: 3 ): 100%|██████████| 40/40 [00:35<00:00,  1.14it/s, train_loss=0.193]
(valid: 3 ): 100%|██████████| 10/10 [00:08<00:00,  1.16it/s, train_loss=0.28]
epoch 3 train loss: 0.203 valid loss 0.312 auc 0.677
(train: 4 ):   0%|          | 0/40 [00:00<?, ?it/s]precisioin=0.0019	recall=0.0009	coverage=0.3633
(train: 4 ): 100%|██████████| 40/40 [00:33<00:00,  1.19it/s, train_loss=0.134]
(valid: 4 ): 100%|██████████| 10/10 [00:08<00:00,  1.19it/s, train_loss=0.264]
(train: 5 ):   0%|          | 0/40 [00:00<?, ?it/s]epoch 4 train loss: 0.157 valid loss 0.282 auc 0.683
precisioin=0.0018	recall=0.0008	coverage=0.3460
(train: 5 ): 100%|██████████| 40/40 [00:33<00:00,  1.18it/s, train_loss=0.159]
(valid: 5 ): 100%|██████████| 10/10 [00:08<00:00,  1.20it/s, train_loss=0.254]
(train: 6 ):   0%|          | 0/40 [00:00<?, ?it/s]epoch 5 train loss: 0.138 valid loss 0.268 auc 0.683
precisioin=0.0020	recall=0.0009	coverage=0.3526
(train: 6 ): 100%|██████████| 40/40 [00:33<00:00,  1.18it/s, train_loss=0.13]
(valid: 6 ): 100%|██████████| 10/10 [00:08<00:00,  1.19it/s, train_loss=0.253]
(train: 7 ):   0%|          | 0/40 [00:00<?, ?it/s]epoch 6 train loss: 0.129 valid loss 0.263 auc 0.687
precisioin=0.0019	recall=0.0009	coverage=0.3520
(train: 7 ): 100%|██████████| 40/40 [00:33<00:00,  1.19it/s, train_loss=0.127]
(valid: 7 ): 100%|██████████| 10/10 [00:08<00:00,  1.19it/s, train_loss=0.251]
(train: 8 ):   0%|          | 0/40 [00:00<?, ?it/s]epoch 7 train loss: 0.122 valid loss 0.259 auc 0.688
precisioin=0.0019	recall=0.0009	coverage=0.3436
(train: 8 ): 100%|██████████| 40/40 [00:33<00:00,  1.18it/s, train_loss=0.127]
(valid: 8 ): 100%|██████████| 10/10 [00:08<00:00,  1.19it/s, train_loss=0.251]
(train: 9 ):   0%|          | 0/40 [00:00<?, ?it/s]epoch 8 train loss: 0.121 valid loss 0.255 auc 0.687
precisioin=0.0019	recall=0.0009	coverage=0.3371
(train: 9 ): 100%|██████████| 40/40 [00:34<00:00,  1.18it/s, train_loss=0.104]
(valid: 9 ): 100%|██████████| 10/10 [00:08<00:00,  1.20it/s, train_loss=0.258]
epoch 9 train loss: 0.119 valid loss 0.256 auc 0.683
precisioin=0.0018	recall=0.0008	coverage=0.3478
(train:10 ): 100%|██████████| 40/40 [00:33<00:00,  1.18it/s, train_loss=0.127]
(valid:10 ): 100%|██████████| 10/10 [00:08<00:00,  1.20it/s, train_loss=0.259]
epoch 10 train loss: 0.116 valid loss 0.254 auc 0.684
precisioin=0.0020	recall=0.0009	coverage=0.3401

Process finished with exit code 0
