D:\Anaconda3\python.exe C:/Users/Ares/Desktop/实验室相关/其它/推荐系统算法代码/code/WRMF.py
Initialize end.The user number is:943,item number is:1682
(train: 1 ): 100%|██████████| 40/40 [00:34<00:00,  1.15it/s, train_loss=23.7]
(valid: 1 ): 100%|██████████| 10/10 [00:08<00:00,  1.18it/s, train_loss=31.5]
epoch 1 train loss: 93.744 valid loss 32.805 auc 0.532
(train: 2 ):   0%|          | 0/40 [00:00<?, ?it/s]precisioin=0.0095	recall=0.0044	coverage=0.4905
(train: 2 ): 100%|██████████| 40/40 [00:34<00:00,  1.16it/s, train_loss=11.7]
(valid: 2 ): 100%|██████████| 10/10 [00:08<00:00,  1.16it/s, train_loss=12.8]
(train: 3 ):   0%|          | 0/40 [00:00<?, ?it/s]epoch 2 train loss: 20.960 valid loss 11.475 auc 0.558
precisioin=0.0054	recall=0.0026	coverage=0.4423
(train: 3 ): 100%|██████████| 40/40 [00:34<00:00,  1.16it/s, train_loss=20.1]
(valid: 3 ): 100%|██████████| 10/10 [00:08<00:00,  1.17it/s, train_loss=6.08]
(train: 4 ):   0%|          | 0/40 [00:00<?, ?it/s]epoch 3 train loss: 8.053 valid loss 6.088 auc 0.578
precisioin=0.0050	recall=0.0024	coverage=0.4257
(train: 4 ): 100%|██████████| 40/40 [00:34<00:00,  1.16it/s, train_loss=1.3]
(valid: 4 ): 100%|██████████| 10/10 [00:08<00:00,  1.18it/s, train_loss=4.39]
epoch 4 train loss: 3.542 valid loss 4.522 auc 0.603
precisioin=0.0046	recall=0.0022	coverage=0.3918
(train: 5 ): 100%|██████████| 40/40 [00:34<00:00,  1.16it/s, train_loss=1.01]
(valid: 5 ): 100%|██████████| 10/10 [00:08<00:00,  1.17it/s, train_loss=3.51]
(train: 6 ):   0%|          | 0/40 [00:00<?, ?it/s]epoch 5 train loss: 1.799 valid loss 3.771 auc 0.606
precisioin=0.0048	recall=0.0022	coverage=0.3906
(train: 6 ): 100%|██████████| 40/40 [00:34<00:00,  1.16it/s, train_loss=1.02]
(valid: 6 ): 100%|██████████| 10/10 [00:08<00:00,  1.16it/s, train_loss=3.17]
(train: 7 ):   0%|          | 0/40 [00:00<?, ?it/s]epoch 6 train loss: 1.090 valid loss 3.373 auc 0.625
precisioin=0.0039	recall=0.0019	coverage=0.3823
(train: 7 ): 100%|██████████| 40/40 [00:34<00:00,  1.15it/s, train_loss=0.648]
(valid: 7 ): 100%|██████████| 10/10 [00:08<00:00,  1.17it/s, train_loss=2.89]
(train: 8 ):   0%|          | 0/40 [00:00<?, ?it/s]epoch 7 train loss: 0.832 valid loss 3.140 auc 0.630
precisioin=0.0037	recall=0.0018	coverage=0.3888
(train: 8 ): 100%|██████████| 40/40 [00:34<00:00,  1.17it/s, train_loss=0.621]
(valid: 8 ): 100%|██████████| 10/10 [00:08<00:00,  1.18it/s, train_loss=2.83]
(train: 9 ):   0%|          | 0/40 [00:00<?, ?it/s]epoch 8 train loss: 0.748 valid loss 2.946 auc 0.639
precisioin=0.0038	recall=0.0018	coverage=0.3746
(train: 9 ): 100%|██████████| 40/40 [00:34<00:00,  1.17it/s, train_loss=0.627]
(valid: 9 ): 100%|██████████| 10/10 [00:08<00:00,  1.17it/s, train_loss=2.59]
epoch 9 train loss: 0.705 valid loss 2.827 auc 0.643
precisioin=0.0037	recall=0.0018	coverage=0.3775
(train:10 ): 100%|██████████| 40/40 [00:34<00:00,  1.16it/s, train_loss=0.486]
(valid:10 ): 100%|██████████| 10/10 [00:08<00:00,  1.17it/s, train_loss=2.57]
epoch 10 train loss: 0.678 valid loss 2.732 auc 0.650
precisioin=0.0043	recall=0.0020	coverage=0.3722

Process finished with exit code 0
